#
# A fatal error has been detected by the Java Runtime Environment:
#
#  SIGSEGV (0xb) at pc=0x0000000105c02a28, pid=1575, tid=17155
#
# JRE version: Java(TM) SE Runtime Environment (8.0_60-b27) (build 1.8.0_60-b27)
# Java VM: Java HotSpot(TM) 64-Bit Server VM (25.60-b23 mixed mode bsd-amd64 compressed oops)
# Problematic frame:
# V  [libjvm.dylib+0x2a28]  addD_reg_regNode::use_cisc_RegMask()+0x4
#
# Failed to write core dump. Core dumps have been disabled. To enable core dumping, try "ulimit -c unlimited" before starting Java again
#
# If you would like to submit a bug report, please visit:
#   http://bugreport.java.com/bugreport/crash.jsp
#

---------------  T H R E A D  ---------------

Current thread (0x00007facd8883800):  JavaThread "C2 CompilerThread1" daemon [_thread_in_native, id=17155, stack(0x000000011c2f7000,0x000000011c3f7000)]

siginfo: si_signo: 11 (SIGSEGV), si_code: 1 (SEGV_MAPERR), si_addr: 0x00000000a8fa47a5

Registers:
RAX=0x00007facdd72afb0, RBX=0x0000000000000002, RCX=0x000000010646e3a0, RDX=0x00000001064329a0
RSP=0x000000011c3f36a0, RBP=0x000000011c3f36a0, RSI=0x0000000000000000, RDI=0x00007facdd72afb0
R8 =0x0000000000000020, R9 =0x0000000000000008, R10=0x000000000000000e, R11=0x000000000289d382
R12=0x000000011cdb0a74, R13=0x000000011cdb0a48, R14=0x0000000000000037, R15=0x000000011cdaf010
RIP=0x0000000105c02a28, EFLAGS=0x0000000000010246, ERR=0x0000000000000006
  TRAPNO=0x000000000000000e

Top of Stack: (sp=0x000000011c3f36a0)
0x000000011c3f36a0:   000000011c3f3730 0000000105d6007d
0x000000011c3f36b0:   000000011c3f39b8 0000000000000014
0x000000011c3f36c0:   000000101c3f36f0 0000000000000001
0x000000011c3f36d0:   00007fac00000002 00000001064ce500
0x000000011c3f36e0:   0100000000000776 00007facdcbd4e70
0x000000011c3f36f0:   00000001064ce510 000000011c3f44f8
0x000000011c3f3700:   00007facdd72afb0 000000011c3f44f8
0x000000011c3f3710:   000000011c3f38f8 000000011c3f5f88
0x000000011c3f3720:   000000011c3f39b8 000000011c3f3938
0x000000011c3f3730:   000000011c3f3a40 0000000105d605f5
0x000000011c3f3740:   000000011c3f3770 0000000106068162
0x000000011c3f3750:   00007facdcc99660 00007facdcc99660
0x000000011c3f3760:   0000000000000007 0000000000000029
0x000000011c3f3770:   000000011c3f3870 00007fff8910dc70
0x000000011c3f3780:   0000000000000080 0000000000000000
0x000000011c3f3790:   000000011c3f380c 000000011c3f3810
0x000000011c3f37a0:   000000011c3f3814 0000000106428f90
0x000000011c3f37b0:   ffffffffffffffff 0000206000000040
0x000000011c3f37c0:   0000000106428fa8 0000000106428f90
0x000000011c3f37d0:   00007facddcd9a00 000000011c3f5f88
0x000000011c3f37e0:   0000000000007fe8 00007facd8700230
0x000000011c3f37f0:   000000011c3f3830 00007fff8910d9ea
0x000000011c3f3800:   00007facdd3abc00 000020601c3f5f88
0x000000011c3f3810:   24fc690024fc6900 0000000000000000
0x000000011c3f3820:   0000000000007fe8 00007facd8700230
0x000000011c3f3830:   000000011c3f3840 0000000106164a85
0x000000011c3f3840:   000000011c3f38a0 0000000105ca56b4
0x000000011c3f3850:   0000000106428fa8 0000000106428f90
0x000000011c3f3860:   000000011c3f39b0 000000011c3f5f88
0x000000011c3f3870:   00007facd8700230 000000011c3f3900
0x000000011c3f3880:   0000000000007fe8 00007facdd3abc00
0x000000011c3f3890:   0000000000000000 0000000000007fd8 

Instructions: (pc=0x0000000105c02a28)
0x0000000105c02a08:   ba 8c 00 48 89 47 58 5d c3 90 55 48 89 e5 48 8d
0x0000000105c02a18:   05 23 bb 8c 00 48 89 47 58 5d c3 90 55 48 89 e5
0x0000000105c02a28:   01 8d 05 11 bb 8c 00 48 89 47 58 5d c3 90 55 48
0x0000000105c02a38:   89 e5 48 8d 05 9f ba 8c 00 48 89 47 58 5d c3 90 

Register to memory mapping:

RAX=0x00007facdd72afb0 is an unknown value
RBX=0x0000000000000002 is an unknown value
RCX=0x000000010646e3a0: _ZTV16addD_reg_regNode+0x10 in /Library/Java/JavaVirtualMachines/jdk1.8.0_60.jdk/Contents/Home/jre/lib/server/libjvm.dylib at 0x0000000105c00000
RDX=0x00000001064329a0: bitsInByte+0 in /Library/Java/JavaVirtualMachines/jdk1.8.0_60.jdk/Contents/Home/jre/lib/server/libjvm.dylib at 0x0000000105c00000
RSP=0x000000011c3f36a0 is pointing into the stack for thread: 0x00007facd8883800
RBP=0x000000011c3f36a0 is pointing into the stack for thread: 0x00007facd8883800
RSI=0x0000000000000000 is an unknown value
RDI=0x00007facdd72afb0 is an unknown value
R8 =0x0000000000000020 is an unknown value
R9 =0x0000000000000008 is an unknown value
R10=0x000000000000000e is an unknown value
R11=0x000000000289d382 is an unknown value
R12=0x000000011cdb0a74 is an unknown value
R13=0x000000011cdb0a48 is an unknown value
R14=0x0000000000000037 is an unknown value
R15=0x000000011cdaf010 is an unknown value


Stack: [0x000000011c2f7000,0x000000011c3f7000],  sp=0x000000011c3f36a0,  free space=1009k
Native frames: (J=compiled Java code, j=interpreted, Vv=VM code, C=native code)
V  [libjvm.dylib+0x2a28]  addD_reg_regNode::use_cisc_RegMask()+0x4
V  [libjvm.dylib+0x16007d]  PhaseChaitin::gather_lrg_masks(bool)+0x427
V  [libjvm.dylib+0x1605f5]  PhaseChaitin::Register_Allocate()+0x2c1
V  [libjvm.dylib+0x1ae1ac]  Compile::Code_Gen()+0x14e
V  [libjvm.dylib+0x1b2000]  Compile::Compile(ciEnv*, C2Compiler*, ciMethod*, int, bool, bool, bool)+0x970
V  [libjvm.dylib+0x14fc8e]  C2Compiler::compile_method(ciEnv*, ciMethod*, int)+0xac
V  [libjvm.dylib+0x1b55e6]  CompileBroker::invoke_compiler_on_method(CompileTask*)+0x5b2
V  [libjvm.dylib+0x1b7b2d]  CompileBroker::compiler_thread_loop()+0x291
V  [libjvm.dylib+0x5612d3]  JavaThread::thread_main_inner()+0x9b
V  [libjvm.dylib+0x5629ce]  JavaThread::run()+0x1c2
V  [libjvm.dylib+0x48343a]  java_start(Thread*)+0xf6
C  [libsystem_pthread.dylib+0x405a]  _pthread_body+0x83
C  [libsystem_pthread.dylib+0x3fd7]  _pthread_body+0x0
C  [libsystem_pthread.dylib+0x13ed]  thread_start+0xd
C  0x0000000000000000


Current CompileTask:
C2:11006204 20774       4       sun.misc.FloatingDecimal$BinaryToASCIIBuffer::dtoa (1509 bytes)


---------------  P R O C E S S  ---------------

Java Threads: ( => current thread )
  0x00007facd8a23000 JavaThread "process reaper" daemon [_thread_blocked, id=14115, stack(0x000000011a8a6000,0x000000011a8ce000)]
  0x00007facdde80000 JavaThread "pool-96-thread-1" [_thread_blocked, id=12335, stack(0x000000011e43c000,0x000000011e53c000)]
  0x00007facda651000 JavaThread "Stdin handler" [_thread_blocked, id=22955, stack(0x000000011d70a000,0x000000011d80a000)]
  0x00007facda650000 JavaThread "Daemon worker Thread 38" [_thread_in_native, id=21135, stack(0x000000011d407000,0x000000011d507000)]
  0x00007facd988e000 JavaThread "Cancel handler" [_thread_blocked, id=20303, stack(0x000000011d304000,0x000000011d404000)]
  0x00007facdd476000 JavaThread "Handler for socket connection from /127.0.0.1:56605 to /127.0.0.1:55679" [_thread_in_native, id=21471, stack(0x000000011d201000,0x000000011d301000)]
  0x00007facdbb81000 JavaThread "Daemon Thread 38" [_thread_blocked, id=19863, stack(0x000000011d0fe000,0x000000011d1fe000)]
  0x00007facdba17000 JavaThread "File lock request listener" [_thread_in_native, id=12039, stack(0x000000011e5d8000,0x000000011e6d8000)]
  0x00007facd8b3a000 JavaThread "Incoming local TCP Connector on port 56605" [_thread_in_native, id=19203, stack(0x000000011cffb000,0x000000011d0fb000)]
  0x00007facd888d000 JavaThread "Service Thread" daemon [_thread_blocked, id=18179, stack(0x000000011c4fd000,0x000000011c5fd000)]
  0x00007facd8884800 JavaThread "C1 CompilerThread2" daemon [_thread_blocked, id=17667, stack(0x000000011c3fa000,0x000000011c4fa000)]
=>0x00007facd8883800 JavaThread "C2 CompilerThread1" daemon [_thread_in_native, id=17155, stack(0x000000011c2f7000,0x000000011c3f7000)]
  0x00007facd8879800 JavaThread "C2 CompilerThread0" daemon [_thread_blocked, id=16643, stack(0x000000011c1f4000,0x000000011c2f4000)]
  0x00007facd8878800 JavaThread "Signal Dispatcher" daemon [_thread_blocked, id=13335, stack(0x000000011c0f1000,0x000000011c1f1000)]
  0x00007facd8859000 JavaThread "Finalizer" daemon [_thread_blocked, id=11523, stack(0x000000011a6cd000,0x000000011a7cd000)]
  0x00007facd9800800 JavaThread "Reference Handler" daemon [_thread_blocked, id=11011, stack(0x000000011a5ca000,0x000000011a6ca000)]
  0x00007facd8813000 JavaThread "main" [_thread_blocked, id=4867, stack(0x0000000106b8a000,0x0000000106c8a000)]

Other Threads:
  0x00007facd8850800 VMThread [stack: 0x000000011a4c7000,0x000000011a5c7000] [id=10499]
  0x00007facd885f000 WatcherThread [stack: 0x000000011c600000,0x000000011c700000] [id=18691]

VM state:not at safepoint (normal execution)

VM Mutex/Monitor currently owned by a thread: None

Heap:
 PSYoungGen      total 99328K, used 36434K [0x00000007aab00000, 0x00000007b1a80000, 0x00000007c0000000)
  eden space 90624K, 34% used [0x00000007aab00000,0x00000007ac96d970,0x00000007b0380000)
  from space 8704K, 60% used [0x00000007b1200000,0x00000007b17270e0,0x00000007b1a80000)
  to   space 11776K, 0% used [0x00000007b0380000,0x00000007b0380000,0x00000007b0f00000)
 ParOldGen       total 103424K, used 34882K [0x0000000780000000, 0x0000000786500000, 0x00000007aab00000)
  object space 103424K, 33% used [0x0000000780000000,0x0000000782210800,0x0000000786500000)
 Metaspace       used 61166K, capacity 70329K, committed 70528K, reserved 1112064K
  class space    used 7795K, capacity 8300K, committed 8320K, reserved 1048576K

Card table byte_map: [0x0000000116081000,0x0000000116282000] byte_map_base: 0x0000000112481000

Marking Bits: (ParMarkBitMap*) 0x00000001064dee20
 Begin Bits: [0x00000001167e4000, 0x00000001177e4000)
 End Bits:   [0x00000001177e4000, 0x00000001187e4000)

Polling page: 0x00000001053e8000

CodeCache: size=245760Kb used=61127Kb max_used=61138Kb free=184632Kb
 bounds [0x0000000106cc1000, 0x000000010a901000, 0x0000000115cc1000]
 total_blobs=16238 nmethods=15528 adapters=621
 compilation: enabled

Compilation events (10 events):
Event: 11003.249 Thread 0x00007facd8884800 nmethod 20769 0x000000010a8c26d0 code [0x000000010a8c28c0, 0x000000010a8c30b8]
Event: 11003.259 Thread 0x00007facd8884800 20770       3       com.sun.tools.javac.comp.Resolve::findFun (503 bytes)
Event: 11003.262 Thread 0x00007facd8884800 nmethod 20770 0x00000001093ed090 code [0x00000001093ed420, 0x00000001093ef268]
Event: 11003.443 Thread 0x00007facd8879800 20771       4       sun.misc.FDBigInteger::valueOfPow52 (101 bytes)
Event: 11003.449 Thread 0x00007facd8884800 20772       3       com.android.ide.common.util.ReferenceHolder::empty (9 bytes)
Event: 11003.450 Thread 0x00007facd8884800 nmethod 20772 0x0000000107a51110 code [0x0000000107a51280, 0x0000000107a514b0]
Event: 11003.451 Thread 0x00007facd8879800 nmethod 20771 0x000000010a8c1dd0 code [0x000000010a8c1f60, 0x000000010a8c2418]
Event: 11003.453 Thread 0x00007facd8884800 20773       3       com.android.ide.common.util.ReferenceHolder::<init> (10 bytes)
Event: 11003.453 Thread 0x00007facd8884800 nmethod 20773 0x0000000108c0d2d0 code [0x0000000108c0d440, 0x0000000108c0d610]
Event: 11006.103 Thread 0x00007facd8883800 20774       4       sun.misc.FloatingDecimal$BinaryToASCIIBuffer::dtoa (1509 bytes)

GC Heap History (10 events):
Event: 9141.043 GC heap before
{Heap before GC invocations=177 (full 40):
 PSYoungGen      total 111616K, used 98304K [0x00000007aab00000, 0x00000007b2500000, 0x00000007c0000000)
  eden space 98304K, 100% used [0x00000007aab00000,0x00000007b0b00000,0x00000007b0b00000)
  from space 13312K, 0% used [0x00000007b1800000,0x00000007b1800000,0x00000007b2500000)
  to   space 13312K, 0% used [0x00000007b0b00000,0x00000007b0b00000,0x00000007b1800000)
 ParOldGen       total 103424K, used 35252K [0x0000000780000000, 0x0000000786500000, 0x00000007aab00000)
  object space 103424K, 34% used [0x0000000780000000,0x000000078226d298,0x0000000786500000)
 Metaspace       used 61172K, capacity 70265K, committed 70528K, reserved 1112064K
  class space    used 7793K, capacity 8306K, committed 8320K, reserved 1048576K
Event: 9141.047 GC heap after
Heap after GC invocations=177 (full 40):
 PSYoungGen      total 96768K, used 944K [0x00000007aab00000, 0x00000007b2180000, 0x00000007c0000000)
  eden space 95744K, 0% used [0x00000007aab00000,0x00000007aab00000,0x00000007b0880000)
  from space 1024K, 92% used [0x00000007b0b00000,0x00000007b0bec010,0x00000007b0c00000)
  to   space 12800K, 0% used [0x00000007b1500000,0x00000007b1500000,0x00000007b2180000)
 ParOldGen       total 103424K, used 35260K [0x0000000780000000, 0x0000000786500000, 0x00000007aab00000)
  object space 103424K, 34% used [0x0000000780000000,0x000000078226f298,0x0000000786500000)
 Metaspace       used 61172K, capacity 70265K, committed 70528K, reserved 1112064K
  class space    used 7793K, capacity 8306K, committed 8320K, reserved 1048576K
}
Event: 9144.150 GC heap before
{Heap before GC invocations=178 (full 40):
 PSYoungGen      total 96768K, used 96688K [0x00000007aab00000, 0x00000007b2180000, 0x00000007c0000000)
  eden space 95744K, 100% used [0x00000007aab00000,0x00000007b0880000,0x00000007b0880000)
  from space 1024K, 92% used [0x00000007b0b00000,0x00000007b0bec010,0x00000007b0c00000)
  to   space 12800K, 0% used [0x00000007b1500000,0x00000007b1500000,0x00000007b2180000)
 ParOldGen       total 103424K, used 35260K [0x0000000780000000, 0x0000000786500000, 0x00000007aab00000)
  object space 103424K, 34% used [0x0000000780000000,0x000000078226f298,0x0000000786500000)
 Metaspace       used 61220K, capacity 70373K, committed 70528K, reserved 1112064K
  class space    used 7805K, capacity 8318K, committed 8320K, reserved 1048576K
Event: 9144.157 GC heap after
Heap after GC invocations=178 (full 40):
 PSYoungGen      total 102400K, used 5116K [0x00000007aab00000, 0x00000007b1e00000, 0x00000007c0000000)
  eden space 93184K, 0% used [0x00000007aab00000,0x00000007aab00000,0x00000007b0600000)
  from space 9216K, 55% used [0x00000007b1500000,0x00000007b19ff0c0,0x00000007b1e00000)
  to   space 12288K, 0% used [0x00000007b0600000,0x00000007b0600000,0x00000007b1200000)
 ParOldGen       total 103424K, used 35260K [0x0000000780000000, 0x0000000786500000, 0x00000007aab00000)
  object space 103424K, 34% used [0x0000000780000000,0x000000078226f298,0x0000000786500000)
 Metaspace       used 61220K, capacity 70373K, committed 70528K, reserved 1112064K
  class space    used 7805K, capacity 8318K, committed 8320K, reserved 1048576K
}
Event: 9144.190 GC heap before
{Heap before GC invocations=179 (full 40):
 PSYoungGen      total 102400K, used 6408K [0x00000007aab00000, 0x00000007b1e00000, 0x00000007c0000000)
  eden space 93184K, 1% used [0x00000007aab00000,0x00000007aac43170,0x00000007b0600000)
  from space 9216K, 55% used [0x00000007b1500000,0x00000007b19ff0c0,0x00000007b1e00000)
  to   space 12288K, 0% used [0x00000007b0600000,0x00000007b0600000,0x00000007b1200000)
 ParOldGen       total 103424K, used 35260K [0x0000000780000000, 0x0000000786500000, 0x00000007aab00000)
  object space 103424K, 34% used [0x0000000780000000,0x000000078226f298,0x0000000786500000)
 Metaspace       used 61220K, capacity 70373K, committed 70528K, reserved 1112064K
  class space    used 7805K, capacity 8318K, committed 8320K, reserved 1048576K
Event: 9144.192 GC heap after
Heap after GC invocations=179 (full 40):
 PSYoungGen      total 105472K, used 656K [0x00000007aab00000, 0x00000007b1e00000, 0x00000007c0000000)
  eden space 93184K, 0% used [0x00000007aab00000,0x00000007aab00000,0x00000007b0600000)
  from space 12288K, 5% used [0x00000007b0600000,0x00000007b06a4030,0x00000007b1200000)
  to   space 12288K, 0% used [0x00000007b1200000,0x00000007b1200000,0x00000007b1e00000)
 ParOldGen       total 103424K, used 35260K [0x0000000780000000, 0x0000000786500000, 0x00000007aab00000)
  object space 103424K, 34% used [0x0000000780000000,0x000000078226f298,0x0000000786500000)
 Metaspace       used 61220K, capacity 70373K, committed 70528K, reserved 1112064K
  class space    used 7805K, capacity 8318K, committed 8320K, reserved 1048576K
}
Event: 9144.192 GC heap before
{Heap before GC invocations=180 (full 41):
 PSYoungGen      total 105472K, used 656K [0x00000007aab00000, 0x00000007b1e00000, 0x00000007c0000000)
  eden space 93184K, 0% used [0x00000007aab00000,0x00000007aab00000,0x00000007b0600000)
  from space 12288K, 5% used [0x00000007b0600000,0x00000007b06a4030,0x00000007b1200000)
  to   space 12288K, 0% used [0x00000007b1200000,0x00000007b1200000,0x00000007b1e00000)
 ParOldGen       total 103424K, used 35260K [0x0000000780000000, 0x0000000786500000, 0x00000007aab00000)
  object space 103424K, 34% used [0x0000000780000000,0x000000078226f298,0x0000000786500000)
 Metaspace       used 61220K, capacity 70373K, committed 70528K, reserved 1112064K
  class space    used 7805K, capacity 8318K, committed 8320K, reserved 1048576K
Event: 9144.346 GC heap after
Heap after GC invocations=180 (full 41):
 PSYoungGen      total 105472K, used 0K [0x00000007aab00000, 0x00000007b1e00000, 0x00000007c0000000)
  eden space 93184K, 0% used [0x00000007aab00000,0x00000007aab00000,0x00000007b0600000)
  from space 12288K, 0% used [0x00000007b0600000,0x00000007b0600000,0x00000007b1200000)
  to   space 12288K, 0% used [0x00000007b1200000,0x00000007b1200000,0x00000007b1e00000)
 ParOldGen       total 103424K, used 34882K [0x0000000780000000, 0x0000000786500000, 0x00000007aab00000)
  object space 103424K, 33% used [0x0000000780000000,0x0000000782210800,0x0000000786500000)
 Metaspace       used 61115K, capacity 70221K, committed 70528K, reserved 1112064K
  class space    used 7784K, capacity 8288K, committed 8320K, reserved 1048576K
}
Event: 11002.759 GC heap before
{Heap before GC invocations=181 (full 41):
 PSYoungGen      total 105472K, used 93184K [0x00000007aab00000, 0x00000007b1e00000, 0x00000007c0000000)
  eden space 93184K, 100% used [0x00000007aab00000,0x00000007b0600000,0x00000007b0600000)
  from space 12288K, 0% used [0x00000007b0600000,0x00000007b0600000,0x00000007b1200000)
  to   space 12288K, 0% used [0x00000007b1200000,0x00000007b1200000,0x00000007b1e00000)
 ParOldGen       total 103424K, used 34882K [0x0000000780000000, 0x0000000786500000, 0x00000007aab00000)
  object space 103424K, 33% used [0x0000000780000000,0x0000000782210800,0x0000000786500000)
 Metaspace       used 61165K, capacity 70329K, committed 70528K, reserved 1112064K
  class space    used 7795K, capacity 8300K, committed 8320K, reserved 1048576K
Event: 11002.767 GC heap after
Heap after GC invocations=181 (full 41):
 PSYoungGen      total 99328K, used 5276K [0x00000007aab00000, 0x00000007b1a80000, 0x00000007c0000000)
  eden space 90624K, 0% used [0x00000007aab00000,0x00000007aab00000,0x00000007b0380000)
  from space 8704K, 60% used [0x00000007b1200000,0x00000007b17270e0,0x00000007b1a80000)
  to   space 11776K, 0% used [0x00000007b0380000,0x00000007b0380000,0x00000007b0f00000)
 ParOldGen       total 103424K, used 34882K [0x0000000780000000, 0x0000000786500000, 0x00000007aab00000)
  object space 103424K, 33% used [0x0000000780000000,0x0000000782210800,0x0000000786500000)
 Metaspace       used 61165K, capacity 70329K, committed 70528K, reserved 1112064K
  class space    used 7795K, capacity 8300K, committed 8320K, reserved 1048576K
}

Deoptimization events (10 events):
Event: 8549.095 Thread 0x00007facdd734800 Uncommon trap: reason=bimorphic action=maybe_recompile pc=0x000000010a84e7c4 method=com.sun.org.apache.xerces.internal.dom.CoreDocumentImpl.isKidOK(Lorg/w3c/dom/Node;Lorg/w3c/dom/Node;)Z @ 39
Event: 8549.095 Thread 0x00007facdd734800 Uncommon trap: reason=bimorphic action=maybe_recompile pc=0x000000010a84e7c4 method=com.sun.org.apache.xerces.internal.dom.CoreDocumentImpl.isKidOK(Lorg/w3c/dom/Node;Lorg/w3c/dom/Node;)Z @ 39
Event: 8549.101 Thread 0x00007facdd734800 Uncommon trap: reason=null_check action=make_not_entrant pc=0x000000010916f3f0 method=com.sun.org.apache.xerces.internal.dom.NamedNodeMapImpl.findNamePoint(Ljava/lang/String;Ljava/lang/String;)I @ 105
Event: 8549.109 Thread 0x00007facdd734800 Uncommon trap: reason=class_check action=maybe_recompile pc=0x00000001093cd8ac method=com.google.common.collect.AbstractMapBasedMultimap$AsMap.wrapEntry(Ljava/util/Map$Entry;)Ljava/util/Map$Entry; @ 22
Event: 8549.109 Thread 0x00007facdd734800 Uncommon trap: reason=class_check action=maybe_recompile pc=0x00000001093cd8ac method=com.google.common.collect.AbstractMapBasedMultimap$AsMap.wrapEntry(Ljava/util/Map$Entry;)Ljava/util/Map$Entry; @ 22
Event: 8549.109 Thread 0x00007facdd734800 Uncommon trap: reason=class_check action=maybe_recompile pc=0x00000001093cd8ac method=com.google.common.collect.AbstractMapBasedMultimap$AsMap.wrapEntry(Ljava/util/Map$Entry;)Ljava/util/Map$Entry; @ 22
Event: 8549.109 Thread 0x00007facdd734800 Uncommon trap: reason=class_check action=maybe_recompile pc=0x00000001093cd8ac method=com.google.common.collect.AbstractMapBasedMultimap$AsMap.wrapEntry(Ljava/util/Map$Entry;)Ljava/util/Map$Entry; @ 22
Event: 8549.109 Thread 0x00007facdd734800 Uncommon trap: reason=class_check action=maybe_recompile pc=0x00000001093dcf2c method=com.google.common.collect.AbstractMapBasedMultimap$AsMap.wrapEntry(Ljava/util/Map$Entry;)Ljava/util/Map$Entry; @ 22
Event: 8549.109 Thread 0x00007facdd734800 Uncommon trap: reason=class_check action=maybe_recompile pc=0x0000000106facf50 method=com.google.common.io.LineReader.readLine()Ljava/lang/String; @ 41
Event: 11000.449 Thread 0x00007facdbb81000 Uncommon trap: reason=unstable_if action=reinterpret pc=0x00000001070e1a7c method=sun.misc.FloatingDecimal$BinaryToASCIIBuffer.getChars([C)I @ 94

Internal exceptions (10 events):
Event: 8548.661 Thread 0x00007facdd734800 Exception <a 'java/lang/ClassNotFoundException': asLocalRepo140_17vlzlkbtm316x9zqgkl5yagbBeanInfo> (0x00000007ab8be5f8) thrown at [/Users/java_re/workspace/8-2-build-macosx-x86_64/jdk8u60/4407/hotspot/src/share/vm/classfile/systemDictionary.cpp, line 210]
Event: 8548.661 Thread 0x00007facdd734800 Exception <a 'java/lang/ClassNotFoundException': asLocalRepo140_17vlzlkbtm316x9zqgkl5yagbCustomizer> (0x00000007ab8ca6d0) thrown at [/Users/java_re/workspace/8-2-build-macosx-x86_64/jdk8u60/4407/hotspot/src/share/vm/classfile/systemDictionary.cpp, line 21
Event: 8549.101 Thread 0x00007facdd734800 Implicit null exception at 0x000000010916ef6e to 0x000000010916f3c9
Event: 8551.870 Thread 0x00007facdd734800 Exception <a 'java/io/FileNotFoundException'> (0x00000007adbb9f40) thrown at [/Users/java_re/workspace/8-2-build-macosx-x86_64/jdk8u60/4407/hotspot/src/share/vm/prims/jni.cpp, line 709]
Event: 8570.529 Thread 0x00007facdd734800 Exception <a 'java/lang/ClassNotFoundException': asLocalRepo141_an03iahk61ptla98kwqk3oifjBeanInfo> (0x00000007ab7565f8) thrown at [/Users/java_re/workspace/8-2-build-macosx-x86_64/jdk8u60/4407/hotspot/src/share/vm/classfile/systemDictionary.cpp, line 210]
Event: 8570.529 Thread 0x00007facdd734800 Exception <a 'java/lang/ClassNotFoundException': asLocalRepo141_an03iahk61ptla98kwqk3oifjCustomizer> (0x00000007ab761e60) thrown at [/Users/java_re/workspace/8-2-build-macosx-x86_64/jdk8u60/4407/hotspot/src/share/vm/classfile/systemDictionary.cpp, line 21
Event: 9141.159 Thread 0x00007facdcdbe000 Exception <a 'java/lang/ClassNotFoundException': asLocalRepo142_7zaadivjbom7llywgm695o22wBeanInfo> (0x00000007ab6c3358) thrown at [/Users/java_re/workspace/8-2-build-macosx-x86_64/jdk8u60/4407/hotspot/src/share/vm/classfile/systemDictionary.cpp, line 210]
Event: 9141.159 Thread 0x00007facdcdbe000 Exception <a 'java/lang/ClassNotFoundException': asLocalRepo142_7zaadivjbom7llywgm695o22wCustomizer> (0x00000007ab6cebc0) thrown at [/Users/java_re/workspace/8-2-build-macosx-x86_64/jdk8u60/4407/hotspot/src/share/vm/classfile/systemDictionary.cpp, line 21
Event: 11000.588 Thread 0x00007facda650000 Exception <a 'java/lang/ClassNotFoundException': asLocalRepo143_3cmkw6304i542uou16lmvv88mBeanInfo> (0x00000007ab8eb028) thrown at [/Users/java_re/workspace/8-2-build-macosx-x86_64/jdk8u60/4407/hotspot/src/share/vm/classfile/systemDictionary.cpp, line 210]
Event: 11000.589 Thread 0x00007facda650000 Exception <a 'java/lang/ClassNotFoundException': asLocalRepo143_3cmkw6304i542uou16lmvv88mCustomizer> (0x00000007ab8f6890) thrown at [/Users/java_re/workspace/8-2-build-macosx-x86_64/jdk8u60/4407/hotspot/src/share/vm/classfile/systemDictionary.cpp, line 21

Events (10 events):
Event: 11006.048 Thread 0x00007facddca9800 Thread exited: 0x00007facddca9800
Event: 11006.048 Thread 0x00007facddcaa800 Thread exited: 0x00007facddcaa800
Event: 11006.048 Thread 0x00007facdde81000 Thread exited: 0x00007facdde81000
Event: 11006.048 Executing VM operation: RevokeBias
Event: 11006.049 Executing VM operation: RevokeBias done
Event: 11006.049 Executing VM operation: RevokeBias
Event: 11006.049 Executing VM operation: RevokeBias done
Event: 11006.049 Thread 0x00007facda098000 Thread exited: 0x00007facda098000
Event: 11006.049 Executing VM operation: RevokeBias
Event: 11006.049 Executing VM operation: RevokeBias done


Dynamic libraries:
0x0000000001fb0000 	/System/Library/Frameworks/Cocoa.framework/Versions/A/Cocoa
0x0000000001fb0000 	/System/Library/Frameworks/Security.framework/Versions/A/Security
0x0000000001fb0000 	/System/Library/Frameworks/ApplicationServices.framework/Versions/A/ApplicationServices
0x0000000001fb0000 	/usr/lib/libz.1.dylib
0x0000000001fb0000 	/usr/lib/libSystem.B.dylib
0x0000000001fb0000 	/usr/lib/libobjc.A.dylib
0x0000000001fb0000 	/System/Library/Frameworks/CoreFoundation.framework/Versions/A/CoreFoundation
0x0000000001fb0000 	/System/Library/Frameworks/Foundation.framework/Versions/C/Foundation
0x0000000001fb0000 	/System/Library/Frameworks/AppKit.framework/Versions/C/AppKit
0x0000000001fb0000 	/System/Library/Frameworks/CoreData.framework/Versions/A/CoreData
0x0000000001fb0000 	/System/Library/PrivateFrameworks/RemoteViewServices.framework/Versions/A/RemoteViewServices
0x0000000001fb0000 	/System/Library/PrivateFrameworks/UIFoundation.framework/Versions/A/UIFoundation
0x0000000001fb0000 	/System/Library/Frameworks/IOSurface.framework/Versions/A/IOSurface
0x0000000001fb0000 	/System/Library/Frameworks/AudioToolbox.framework/Versions/A/AudioToolbox
0x0000000001fb0000 	/System/Library/Frameworks/AudioUnit.framework/Versions/A/AudioUnit
0x0000000001fb0000 	/System/Library/PrivateFrameworks/DataDetectorsCore.framework/Versions/A/DataDetectorsCore
0x0000000001fb0000 	/System/Library/PrivateFrameworks/DesktopServicesPriv.framework/Versions/A/DesktopServicesPriv
0x0000000001fb0000 	/System/Library/Frameworks/Carbon.framework/Versions/A/Frameworks/HIToolbox.framework/Versions/A/HIToolbox
0x0000000001fb0000 	/System/Library/Frameworks/QuartzCore.framework/Versions/A/QuartzCore
0x0000000001fb0000 	/System/Library/Frameworks/Carbon.framework/Versions/A/Frameworks/SpeechRecognition.framework/Versions/A/SpeechRecognition
0x0000000001fb0000 	/usr/lib/libauto.dylib
0x0000000001fb0000 	/usr/lib/libicucore.A.dylib
0x0000000001fb0000 	/usr/lib/libxml2.2.dylib
0x0000000001fb0000 	/System/Library/PrivateFrameworks/CoreUI.framework/Versions/A/CoreUI
0x0000000001fb0000 	/System/Library/Frameworks/CoreAudio.framework/Versions/A/CoreAudio
0x0000000001fb0000 	/System/Library/Frameworks/DiskArbitration.framework/Versions/A/DiskArbitration
0x0000000001fb0000 	/usr/lib/liblangid.dylib
0x0000000001fb0000 	/System/Library/PrivateFrameworks/MultitouchSupport.framework/Versions/A/MultitouchSupport
0x0000000001fb0000 	/System/Library/Frameworks/IOKit.framework/Versions/A/IOKit
0x0000000001fb0000 	/usr/lib/libDiagnosticMessagesClient.dylib
0x0000000001fb0000 	/System/Library/Frameworks/CoreServices.framework/Versions/A/CoreServices
0x0000000001fb0000 	/System/Library/PrivateFrameworks/PerformanceAnalysis.framework/Versions/A/PerformanceAnalysis
0x0000000001fb0000 	/System/Library/PrivateFrameworks/GenerationalStorage.framework/Versions/A/GenerationalStorage
0x0000000001fb0000 	/System/Library/Frameworks/OpenGL.framework/Versions/A/OpenGL
0x0000000001fb0000 	/System/Library/PrivateFrameworks/Sharing.framework/Versions/A/Sharing
0x0000000001fb0000 	/System/Library/Frameworks/CoreGraphics.framework/Versions/A/CoreGraphics
0x0000000001fb0000 	/System/Library/Frameworks/CoreText.framework/Versions/A/CoreText
0x0000000001fb0000 	/System/Library/Frameworks/ImageIO.framework/Versions/A/ImageIO
0x0000000001fb0000 	/usr/lib/libextension.dylib
0x0000000001fb0000 	/System/Library/PrivateFrameworks/Backup.framework/Versions/A/Backup
0x0000000001fb0000 	/usr/lib/libarchive.2.dylib
0x0000000001fb0000 	/System/Library/Frameworks/CFNetwork.framework/Versions/A/CFNetwork
0x0000000001fb0000 	/System/Library/Frameworks/SystemConfiguration.framework/Versions/A/SystemConfiguration
0x0000000001fb0000 	/usr/lib/libCRFSuite.dylib
0x0000000001fb0000 	/usr/lib/libc++.1.dylib
0x0000000001fb0000 	/usr/lib/libc++abi.dylib
0x0000000001fb0000 	/usr/lib/system/libcache.dylib
0x0000000001fb0000 	/usr/lib/system/libcommonCrypto.dylib
0x0000000001fb0000 	/usr/lib/system/libcompiler_rt.dylib
0x0000000001fb0000 	/usr/lib/system/libcopyfile.dylib
0x0000000001fb0000 	/usr/lib/system/libcorecrypto.dylib
0x0000000001fb0000 	/usr/lib/system/libdispatch.dylib
0x0000000001fb0000 	/usr/lib/system/libdyld.dylib
0x0000000001fb0000 	/usr/lib/system/libkeymgr.dylib
0x0000000001fb0000 	/usr/lib/system/liblaunch.dylib
0x0000000001fb0000 	/usr/lib/system/libmacho.dylib
0x0000000001fb0000 	/usr/lib/system/libquarantine.dylib
0x0000000001fb0000 	/usr/lib/system/libremovefile.dylib
0x0000000001fb0000 	/usr/lib/system/libsystem_asl.dylib
0x0000000001fb0000 	/usr/lib/system/libsystem_blocks.dylib
0x0000000001fb0000 	/usr/lib/system/libsystem_c.dylib
0x0000000001fb0000 	/usr/lib/system/libsystem_configuration.dylib
0x0000000001fb0000 	/usr/lib/system/libsystem_coreservices.dylib
0x0000000001fb0000 	/usr/lib/system/libsystem_coretls.dylib
0x0000000001fb0000 	/usr/lib/system/libsystem_dnssd.dylib
0x0000000001fb0000 	/usr/lib/system/libsystem_info.dylib
0x0000000001fb0000 	/usr/lib/system/libsystem_kernel.dylib
0x0000000001fb0000 	/usr/lib/system/libsystem_m.dylib
0x0000000001fb0000 	/usr/lib/system/libsystem_malloc.dylib
0x0000000001fb0000 	/usr/lib/system/libsystem_network.dylib
0x0000000001fb0000 	/usr/lib/system/libsystem_networkextension.dylib
0x0000000001fb0000 	/usr/lib/system/libsystem_notify.dylib
0x0000000001fb0000 	/usr/lib/system/libsystem_platform.dylib
0x0000000001fb0000 	/usr/lib/system/libsystem_pthread.dylib
0x0000000001fb0000 	/usr/lib/system/libsystem_sandbox.dylib
0x0000000001fb0000 	/usr/lib/system/libsystem_secinit.dylib
0x0000000001fb0000 	/usr/lib/system/libsystem_stats.dylib
0x0000000001fb0000 	/usr/lib/system/libsystem_trace.dylib
0x0000000001fb0000 	/usr/lib/system/libunc.dylib
0x0000000001fb0000 	/usr/lib/system/libunwind.dylib
0x0000000001fb0000 	/usr/lib/system/libxpc.dylib
0x0000000001fb0000 	/usr/lib/libbz2.1.0.dylib
0x0000000001fb0000 	/usr/lib/liblzma.5.dylib
0x0000000001fb0000 	/usr/lib/libbsm.0.dylib
0x0000000001fb0000 	/usr/lib/libsqlite3.dylib
0x0000000001fb0000 	/usr/lib/system/libkxld.dylib
0x0000000001fb0000 	/usr/lib/libxar.1.dylib
0x0000000001fb0000 	/usr/lib/libpam.2.dylib
0x0000000001fb0000 	/usr/lib/libOpenScriptingUtil.dylib
0x0000000001fb0000 	/System/Library/Frameworks/CoreServices.framework/Versions/A/Frameworks/FSEvents.framework/Versions/A/FSEvents
0x0000000001fb0000 	/System/Library/Frameworks/CoreServices.framework/Versions/A/Frameworks/CarbonCore.framework/Versions/A/CarbonCore
0x0000000001fb0000 	/System/Library/Frameworks/CoreServices.framework/Versions/A/Frameworks/Metadata.framework/Versions/A/Metadata
0x0000000001fb0000 	/System/Library/Frameworks/CoreServices.framework/Versions/A/Frameworks/OSServices.framework/Versions/A/OSServices
0x0000000001fb0000 	/System/Library/Frameworks/CoreServices.framework/Versions/A/Frameworks/SearchKit.framework/Versions/A/SearchKit
0x0000000001fb0000 	/System/Library/Frameworks/CoreServices.framework/Versions/A/Frameworks/AE.framework/Versions/A/AE
0x0000000001fb0000 	/System/Library/Frameworks/CoreServices.framework/Versions/A/Frameworks/LaunchServices.framework/Versions/A/LaunchServices
0x0000000001fb0000 	/System/Library/Frameworks/CoreServices.framework/Versions/A/Frameworks/DictionaryServices.framework/Versions/A/DictionaryServices
0x0000000001fb0000 	/System/Library/Frameworks/NetFS.framework/Versions/A/NetFS
0x0000000001fb0000 	/System/Library/PrivateFrameworks/NetAuth.framework/Versions/A/NetAuth
0x0000000001fb0000 	/System/Library/PrivateFrameworks/login.framework/Versions/A/Frameworks/loginsupport.framework/Versions/A/loginsupport
0x0000000001fb0000 	/System/Library/PrivateFrameworks/TCC.framework/Versions/A/TCC
0x0000000001fb0000 	/usr/lib/libmecabra.dylib
0x0000000001fb0000 	/System/Library/Frameworks/ApplicationServices.framework/Versions/A/Frameworks/ATS.framework/Versions/A/ATS
0x0000000001fb0000 	/System/Library/Frameworks/ApplicationServices.framework/Versions/A/Frameworks/ColorSync.framework/Versions/A/ColorSync
0x0000000001fb0000 	/System/Library/Frameworks/ApplicationServices.framework/Versions/A/Frameworks/HIServices.framework/Versions/A/HIServices
0x0000000001fb0000 	/System/Library/Frameworks/ApplicationServices.framework/Versions/A/Frameworks/LangAnalysis.framework/Versions/A/LangAnalysis
0x0000000001fb0000 	/System/Library/Frameworks/ApplicationServices.framework/Versions/A/Frameworks/PrintCore.framework/Versions/A/PrintCore
0x0000000001fb0000 	/System/Library/Frameworks/ApplicationServices.framework/Versions/A/Frameworks/QD.framework/Versions/A/QD
0x0000000001fb0000 	/System/Library/Frameworks/ApplicationServices.framework/Versions/A/Frameworks/SpeechSynthesis.framework/Versions/A/SpeechSynthesis
0x0000000001fb0000 	/System/Library/Frameworks/Accelerate.framework/Versions/A/Accelerate
0x0000000001fb0000 	/System/Library/Frameworks/Accelerate.framework/Versions/A/Frameworks/vImage.framework/Versions/A/vImage
0x0000000001fb0000 	/System/Library/Frameworks/Accelerate.framework/Versions/A/Frameworks/vecLib.framework/Versions/A/vecLib
0x0000000001fb0000 	/System/Library/Frameworks/Accelerate.framework/Versions/A/Frameworks/vecLib.framework/Versions/A/libvDSP.dylib
0x0000000001fb0000 	/System/Library/Frameworks/Accelerate.framework/Versions/A/Frameworks/vecLib.framework/Versions/A/libvMisc.dylib
0x0000000001fb0000 	/System/Library/Frameworks/Accelerate.framework/Versions/A/Frameworks/vecLib.framework/Versions/A/libLAPACK.dylib
0x0000000001fb0000 	/System/Library/Frameworks/Accelerate.framework/Versions/A/Frameworks/vecLib.framework/Versions/A/libBLAS.dylib
0x0000000001fb0000 	/System/Library/Frameworks/Accelerate.framework/Versions/A/Frameworks/vecLib.framework/Versions/A/libLinearAlgebra.dylib
0x0000000001fb0000 	/System/Library/Frameworks/ApplicationServices.framework/Versions/A/Frameworks/ATS.framework/Versions/A/Resources/libFontParser.dylib
0x0000000001fb0000 	/System/Library/Frameworks/ApplicationServices.framework/Versions/A/Frameworks/ATS.framework/Versions/A/Resources/libFontRegistry.dylib
0x0000000001fb0000 	/System/Library/PrivateFrameworks/AppleVPA.framework/Versions/A/AppleVPA
0x0000000001fb0000 	/System/Library/PrivateFrameworks/AppleJPEG.framework/Versions/A/AppleJPEG
0x0000000001fb0000 	/System/Library/Frameworks/ImageIO.framework/Versions/A/Resources/libJPEG.dylib
0x0000000001fb0000 	/System/Library/Frameworks/ImageIO.framework/Versions/A/Resources/libTIFF.dylib
0x0000000001fb0000 	/System/Library/Frameworks/ImageIO.framework/Versions/A/Resources/libPng.dylib
0x0000000001fb0000 	/System/Library/Frameworks/ImageIO.framework/Versions/A/Resources/libGIF.dylib
0x0000000001fb0000 	/System/Library/Frameworks/ImageIO.framework/Versions/A/Resources/libJP2.dylib
0x0000000001fb0000 	/System/Library/Frameworks/ImageIO.framework/Versions/A/Resources/libRadiance.dylib
0x0000000001fb0000 	/System/Library/Frameworks/CoreVideo.framework/Versions/A/CoreVideo
0x0000000001fb0000 	/System/Library/Frameworks/OpenGL.framework/Versions/A/Libraries/libGLU.dylib
0x0000000001fb0000 	/System/Library/Frameworks/OpenGL.framework/Versions/A/Libraries/libGFXShared.dylib
0x0000000001fb0000 	/System/Library/Frameworks/OpenGL.framework/Versions/A/Libraries/libGL.dylib
0x0000000001fb0000 	/System/Library/Frameworks/OpenGL.framework/Versions/A/Libraries/libGLImage.dylib
0x0000000001fb0000 	/System/Library/Frameworks/OpenGL.framework/Versions/A/Libraries/libCVMSPluginSupport.dylib
0x0000000001fb0000 	/System/Library/Frameworks/OpenGL.framework/Versions/A/Libraries/libCoreVMClient.dylib
0x0000000001fb0000 	/usr/lib/libcups.2.dylib
0x0000000001fb0000 	/System/Library/Frameworks/Kerberos.framework/Versions/A/Kerberos
0x0000000001fb0000 	/System/Library/Frameworks/GSS.framework/Versions/A/GSS
0x0000000001fb0000 	/usr/lib/libresolv.9.dylib
0x0000000001fb0000 	/usr/lib/libiconv.2.dylib
0x0000000001fb0000 	/System/Library/PrivateFrameworks/Heimdal.framework/Versions/A/Heimdal
0x0000000001fb0000 	/usr/lib/libheimdal-asn1.dylib
0x0000000001fb0000 	/System/Library/Frameworks/OpenDirectory.framework/Versions/A/OpenDirectory
0x0000000001fb0000 	/System/Library/PrivateFrameworks/CommonAuth.framework/Versions/A/CommonAuth
0x0000000001fb0000 	/System/Library/Frameworks/OpenDirectory.framework/Versions/A/Frameworks/CFOpenDirectory.framework/Versions/A/CFOpenDirectory
0x0000000001fb0000 	/System/Library/Frameworks/SecurityFoundation.framework/Versions/A/SecurityFoundation
0x0000000001fb0000 	/System/Library/PrivateFrameworks/LanguageModeling.framework/Versions/A/LanguageModeling
0x0000000001fb0000 	/usr/lib/libcmph.dylib
0x0000000001fb0000 	/System/Library/Frameworks/ServiceManagement.framework/Versions/A/ServiceManagement
0x0000000001fb0000 	/usr/lib/libxslt.1.dylib
0x0000000001fb0000 	/System/Library/Frameworks/Carbon.framework/Versions/A/Frameworks/Ink.framework/Versions/A/Ink
0x0000000001fb0000 	/System/Library/Frameworks/QuartzCore.framework/Versions/A/Frameworks/CoreImage.framework/Versions/A/CoreImage
0x0000000001fb0000 	/System/Library/PrivateFrameworks/CrashReporterSupport.framework/Versions/A/CrashReporterSupport
0x0000000001fb0000 	/System/Library/Frameworks/OpenCL.framework/Versions/A/OpenCL
0x0000000001fb0000 	/System/Library/PrivateFrameworks/FaceCore.framework/Versions/A/FaceCore
0x0000000001fb0000 	/System/Library/PrivateFrameworks/Ubiquity.framework/Versions/A/Ubiquity
0x0000000001fb0000 	/System/Library/PrivateFrameworks/IconServices.framework/Versions/A/IconServices
0x0000000001fb0000 	/System/Library/PrivateFrameworks/ChunkingLibrary.framework/Versions/A/ChunkingLibrary
0x0000000001fb0000 	/System/Library/PrivateFrameworks/Apple80211.framework/Versions/A/Apple80211
0x0000000001fb0000 	/System/Library/Frameworks/CoreWLAN.framework/Versions/A/CoreWLAN
0x0000000001fb0000 	/System/Library/Frameworks/IOBluetooth.framework/Versions/A/IOBluetooth
0x0000000001fb0000 	/System/Library/PrivateFrameworks/CoreWiFi.framework/Versions/A/CoreWiFi
0x0000000001fb0000 	/System/Library/Frameworks/CoreBluetooth.framework/Versions/A/CoreBluetooth
0x0000000001fb0000 	/System/Library/PrivateFrameworks/DebugSymbols.framework/Versions/A/DebugSymbols
0x0000000001fb0000 	/System/Library/PrivateFrameworks/CoreSymbolication.framework/Versions/A/CoreSymbolication
0x0000000001fb0000 	/System/Library/PrivateFrameworks/Symbolication.framework/Versions/A/Symbolication
0x0000000001fb0000 	/System/Library/PrivateFrameworks/SpeechRecognitionCore.framework/Versions/A/SpeechRecognitionCore
0x000000004b00b000 	/System/Library/CoreServices/Encodings/libCyrillicConverter.dylib
0x0000000105c00000 	/Library/Java/JavaVirtualMachines/jdk1.8.0_60.jdk/Contents/Home/jre/lib/server/libjvm.dylib
0x0000000001fb0000 	/usr/lib/libstdc++.6.dylib
0x00000001053da000 	/Library/Java/JavaVirtualMachines/jdk1.8.0_60.jdk/Contents/Home/jre/lib/libverify.dylib
0x0000000106c8c000 	/Library/Java/JavaVirtualMachines/jdk1.8.0_60.jdk/Contents/Home/jre/lib/libjava.dylib
0x00000001053f2000 	/Library/Java/JavaVirtualMachines/jdk1.8.0_60.jdk/Contents/Home/jre/lib/libzip.dylib
0x000000011a7cf000 	/System/Library/Frameworks/JavaVM.framework/Frameworks/JavaRuntimeSupport.framework/JavaRuntimeSupport
0x000000011a7ea000 	/System/Library/Frameworks/JavaVM.framework/Versions/A/Frameworks/JavaNativeFoundation.framework/Versions/A/JavaNativeFoundation
0x000000011a7ff000 	/System/Library/Frameworks/JavaVM.framework/Versions/A/JavaVM
0x0000000001fb0000 	/System/Library/Frameworks/Carbon.framework/Versions/A/Carbon
0x000000011a80c000 	/System/Library/PrivateFrameworks/JavaLaunching.framework/Versions/A/JavaLaunching
0x0000000001fb0000 	/System/Library/Frameworks/Carbon.framework/Versions/A/Frameworks/CommonPanels.framework/Versions/A/CommonPanels
0x0000000001fb0000 	/System/Library/Frameworks/Carbon.framework/Versions/A/Frameworks/Help.framework/Versions/A/Help
0x0000000001fb0000 	/System/Library/Frameworks/Carbon.framework/Versions/A/Frameworks/ImageCapture.framework/Versions/A/ImageCapture
0x0000000001fb0000 	/System/Library/Frameworks/Carbon.framework/Versions/A/Frameworks/OpenScripting.framework/Versions/A/OpenScripting
0x0000000001fb0000 	/System/Library/Frameworks/Carbon.framework/Versions/A/Frameworks/Print.framework/Versions/A/Print
0x0000000001fb0000 	/System/Library/Frameworks/Carbon.framework/Versions/A/Frameworks/SecurityHI.framework/Versions/A/SecurityHI
0x000000011cb60000 	/Library/Java/JavaVirtualMachines/jdk1.8.0_60.jdk/Contents/Home/jre/lib/libnet.dylib
0x000000011cbbf000 	/Library/Java/JavaVirtualMachines/jdk1.8.0_60.jdk/Contents/Home/jre/lib/libnio.dylib
0x000000011cbcf000 	/Users/admin/.gradle/native/19/osx-amd64/libnative-platform.dylib
0x000000011cb05000 	/Library/Java/JavaVirtualMachines/jdk1.8.0_60.jdk/Contents/Home/jre/lib/libmanagement.dylib

VM Arguments:
jvm_args: -XX:MaxPermSize=256m -XX:+HeapDumpOnOutOfMemoryError -Xmx1024m -Dfile.encoding=UTF-8 -Duser.country=RU -Duser.language=ru -Duser.variant 
java_command: org.gradle.launcher.daemon.bootstrap.GradleDaemon 2.8
java_class_path (initial): /Applications/Android Studio.app/Contents/gradle/gradle-2.8/lib/gradle-launcher-2.8.jar
Launcher Type: SUN_STANDARD

Environment Variables:
PATH=/usr/bin:/bin:/usr/sbin:/sbin
SHELL=/bin/bash
DISPLAY=/private/tmp/com.apple.launchd.R9iUUnhINH/org.macosforge.xquartz:0

Signal Handlers:
SIGSEGV: [libjvm.dylib+0x5a6d31], sa_mask[0]=11111111011111110111111111111111, sa_flags=SA_ONSTACK|SA_RESTART|SA_SIGINFO
SIGBUS: [libjvm.dylib+0x5a6d31], sa_mask[0]=11111111011111110111111111111111, sa_flags=SA_RESTART|SA_SIGINFO
SIGFPE: [libjvm.dylib+0x480a4c], sa_mask[0]=11111111011111110111111111111111, sa_flags=SA_RESTART|SA_SIGINFO
SIGPIPE: [libjvm.dylib+0x480a4c], sa_mask[0]=11111111011111110111111111111111, sa_flags=SA_RESTART|SA_SIGINFO
SIGXFSZ: [libjvm.dylib+0x480a4c], sa_mask[0]=11111111011111110111111111111111, sa_flags=SA_RESTART|SA_SIGINFO
SIGILL: [libjvm.dylib+0x480a4c], sa_mask[0]=11111111011111110111111111111111, sa_flags=SA_RESTART|SA_SIGINFO
SIGUSR1: SIG_DFL, sa_mask[0]=00000000000000000000000000000000, sa_flags=none
SIGUSR2: [libjvm.dylib+0x48056a], sa_mask[0]=00100000000000000000000000000000, sa_flags=SA_RESTART|SA_SIGINFO
SIGHUP: [libjvm.dylib+0x47eb41], sa_mask[0]=11111111011111110111111111111111, sa_flags=SA_RESTART|SA_SIGINFO
SIGINT: [libjvm.dylib+0x47eb41], sa_mask[0]=11111111011111110111111111111111, sa_flags=SA_RESTART|SA_SIGINFO
SIGTERM: [libjvm.dylib+0x47eb41], sa_mask[0]=11111111011111110111111111111111, sa_flags=SA_RESTART|SA_SIGINFO
SIGQUIT: [libjvm.dylib+0x47eb41], sa_mask[0]=11111111011111110111111111111111, sa_flags=SA_RESTART|SA_SIGINFO


---------------  S Y S T E M  ---------------

OS:Bsduname:Darwin 14.5.0 Darwin Kernel Version 14.5.0: Tue Sep  1 21:23:09 PDT 2015; root:xnu-2782.50.1~1/RELEASE_X86_64 x86_64
rlimit: STACK 8192k, CORE 0k, NPROC 709, NOFILE 10240, AS infinity
load average:2.41 1.91 1.72

CPU:total 4 (2 cores per cpu, 2 threads per core) family 6 model 58 stepping 9, cmov, cx8, fxsr, mmx, sse, sse2, sse3, ssse3, sse4.1, sse4.2, popcnt, avx, aes, clmul, erms, ht, tsc, tscinvbit, tscinv

Memory: 4k page, physical 8388608k(97048k free)

/proc/meminfo:


vm_info: Java HotSpot(TM) 64-Bit Server VM (25.60-b23) for bsd-amd64 JRE (1.8.0_60-b27), built on Aug  4 2015 10:47:24 by "java_re" with gcc 4.2.1 (Based on Apple Inc. build 5658) (LLVM build 2336.11.00)

time: Sat Dec 12 02:18:26 2015
elapsed time: 11006 seconds (0d 3h 3m 26s)

